559662037
58709629
175693846
431933292
44296897
848127180
752883285
126260631
360351636
40743671
268604021
45947903
599148153
101874481
454043328
177049461
704325157
388380167
887717416
590903194
320620560
2924035
424518522
610378407
427538377
795750749
501011071
738453879
921313366
963243695
64562701
531629986
691028220
129232657
129232657
769254532
674977321
986375908
474456661
291631415
655259353
431169619
92402353
310010301
537403397
33829105
676024226
123645292
24797067
221446078
196153941
135263762
897687050
84043688
848127180
314034241
196215745
962263150
448173968
830855034
905530811
503958885
156329618
303146851
718323262
166790475
617370281
325830644
558185450
12132689
583208723
49045326
134300644
72583925
522017251
971344714
748154975
209908279
997785245
250084689
987040818
478247032
162226913
593701876
208474520
419370383
120553559
256432443
665133057
174495586
909486871
571962283
674177947
72706583
674977321
205464073
411931613
789441310
461650734
35702878
526555957
772460980
22525588
467460605
800461330
492686333
317854640
313869739
62890752
155340831
963758723
584483116
255970448
206269203
188950237
194655710
566266644
106038811
767928969
868940253
492686333
47171780
287389773
196909938
869120943
693540860
41894399
300270578
35067330
31047181
193711808
771618458
718664296
67553040
965088682
99085341
474835968
982625333
130499802
832909760
226951437
763685376
418434139
148310996
429916939
61469790
313869739
903700615
690568385
95331633
127488523
509329057
14537245
772062584
643484134
909486871
49084678
744304264
367724714
581728741
79053630
47725433
506682944
543456632
297836308
70801608
645138830
424518522
144011342
174495586
874734469
394035861
424360813
44176768
27104730
175840416
918289175
478417734
718664296
400306448
320296971
116719681
243014006
845079731
958838330
560502972
120610156
53863884
574496228
176603917
156386964
694709307
98829803
45748358
951655977
694709307
606154203
201983168
109036418
116399454
812751140
692567137
44176768
797588762
168160091
950517760
744169382
91342498
331558328
361230728
904583968
616314450
66294842
700683915
822998105
16678636
676381100
868223507
155340831
349749405
429343197
384986673
45238416
436315478
149401925
143536590
952014872
576552478
673373238
441361296
343874754
53863884
852784210
787447797
258241563
36669934
192430958
249565047
744169382
316391394
219555318
791226420
165860416
193711808
389318943
923907099
967023118
592629583
284891730
721291731
810645501
160496881
528442309
718383685
390280320
43016938
545607098
5984770
128866096
22525588
10063863
718383685
104591003
202118703
787992621
321587928
476648660
996011745
699010793
53991416
250984407
622017254
36266401
997655040
218613704
579209794
666416557
441156824
175488644
390323030
21553074
227721428
113835002
520244524
80894502
283758553
489256212
906273697
630231353
26568589
741479475
182965168
442290728
39955628
987291832
557872078
97668428
732275264
186590378
515430349
832015179
341815449
822542302
882475612
130178623
56489126
974167565
49084678
70371761
102517750
39955628
245710075
278836050
716221500
26568589
801970132
813594355
361350400
33247408
717141873
373271302
303635227
477022563
493201653
525793140
950148531
664781730
358034374
953462277
222002317
763919830
471337474
361350400
187250972
137128055
491757826
679668925
312289638
826148375
208599308
894398071
316391394
128195000
800461330
39955628
350507580
47725433
992854282
328208333
98829803
694988058
127149142
137400682
416707323
343355639
875949752
911157387
69571856
815184933
108803982
804848355
145497289
200555954
756332487
732661128
917113322
153623790
326253120
772062584
303429524
713491229
